<?xml version="1.0" encoding="UTF-8"?>
<!-- Generated by org.testng.reporters.JUnitReportReporter -->
<testsuite skipped="0" hostname="DESKTOP-694QOOA" name="testng.p3" tests="5" failures="0" timestamp="18 Dec 2018 02:47:02 GMT" time="0.026" errors="0">
  <testcase name="script1" time="0.012" classname="testng.p3"/>
  <testcase name="script1" time="0.003" classname="testng.p3"/>
  <testcase name="script1" time="0.004" classname="testng.p3"/>
  <testcase name="script1" time="0.003" classname="testng.p3"/>
  <testcase name="script1" time="0.004" classname="testng.p3"/>
</testsuite> <!-- testng.p3 -->
