<?xml version="1.0" encoding="UTF-8"?>
<!-- Generated by org.testng.reporters.JUnitReportReporter -->
<testsuite skipped="0" hostname="DESKTOP-694QOOA" name="testng.p1" tests="2" failures="0" timestamp="15 Dec 2018 03:11:15 GMT" time="0.016" errors="0">
  <testcase name="script2" time="0.016" classname="testng.p1"/>
  <testcase name="script1" time="0.000" classname="testng.p1"/>
</testsuite> <!-- testng.p1 -->
